[2025-09-09 21:55:52,988: INFO: Phase_01_data_ingestion: >>>>>> Data Ingestion Phase started <<<<<<]
[2025-09-09 21:55:52,989: INFO: common: yaml file: /home/yousef/Kidney-Diseases-Classification/configs/config.yaml loaded successfully]
[2025-09-09 21:55:52,989: INFO: common: yaml file: /home/yousef/Kidney-Diseases-Classification/params.yaml loaded successfully]
[2025-09-09 21:55:52,989: INFO: common: created directory at: ./artifacts]
[2025-09-09 21:55:52,990: INFO: common: created directory at: ./artifacts/data_ingestion]
[2025-09-09 21:55:52,990: INFO: data_ingestion: Downloading file from :[https://drive.google.com/file/d/1vlhZ5c7abUKF8xXERIw6m9Te8fW7ohw3/view?usp=sharing] into :[artifacts/data_ingestion/data.zip]]
[2025-09-09 21:56:14,330: INFO: data_ingestion: File :[artifacts/data_ingestion/data.zip] has been downloaded successfully.]
[2025-09-09 21:56:14,330: INFO: data_ingestion: Unzipping file :[artifacts/data_ingestion/data.zip] into dir :[artifacts/data_ingestion]]
[2025-09-09 21:56:15,833: INFO: data_ingestion: Unzipping completed successfully. and data is available at :[artifacts/data_ingestion]]
[2025-09-09 21:56:15,833: INFO: Phase_01_data_ingestion: >>>>>> Data Ingestion Phase completed <<<<<<

x==========x]
[2025-09-09 21:59:34,027: INFO: main: >>>>>> Data Ingestion Phase started <<<<<<]
[2025-09-09 21:59:34,027: INFO: common: yaml file: /home/yousef/Kidney-Diseases-Classification/configs/config.yaml loaded successfully]
[2025-09-09 21:59:34,028: INFO: common: yaml file: /home/yousef/Kidney-Diseases-Classification/params.yaml loaded successfully]
[2025-09-09 21:59:34,028: INFO: common: created directory at: ./artifacts]
[2025-09-09 21:59:34,028: INFO: common: created directory at: ./artifacts/data_ingestion]
[2025-09-09 21:59:34,028: INFO: data_ingestion: Downloading file from :[https://drive.google.com/file/d/1vlhZ5c7abUKF8xXERIw6m9Te8fW7ohw3/view?usp=sharing] into :[artifacts/data_ingestion/data.zip]]
[2025-09-10 02:47:14,638: INFO: main: >>>>>> Data Ingestion Phase started <<<<<<]
[2025-09-10 02:47:14,640: INFO: common: yaml file: /home/yousef/Kidney-Diseases-Classification/configs/config.yaml loaded successfully]
[2025-09-10 02:47:14,642: INFO: common: yaml file: /home/yousef/Kidney-Diseases-Classification/params.yaml loaded successfully]
[2025-09-10 02:47:14,642: INFO: common: created directory at: ./artifacts]
[2025-09-10 02:47:14,643: INFO: common: created directory at: ./artifacts/data_ingestion]
[2025-09-10 02:47:14,643: INFO: data_ingestion: Downloading file from :[https://drive.google.com/file/d/1vlhZ5c7abUKF8xXERIw6m9Te8fW7ohw3/view?usp=sharing] into :[artifacts/data_ingestion/data.zip]]
[2025-09-10 02:47:34,587: INFO: data_ingestion: File :[artifacts/data_ingestion/data.zip] has been downloaded successfully.]
[2025-09-10 02:47:34,587: INFO: data_ingestion: Unzipping file :[artifacts/data_ingestion/data.zip] into dir :[artifacts/data_ingestion]]
[2025-09-10 02:47:36,047: INFO: data_ingestion: Unzipping completed successfully. and data is available at :[artifacts/data_ingestion]]
[2025-09-10 02:47:36,047: INFO: main: >>>>>> Data Ingestion Phase completed <<<<<<

x==========x]
[2025-09-10 02:47:36,048: INFO: main: >>>>>> Prepare Base Model Phase started <<<<<<]
[2025-09-10 02:47:36,049: INFO: common: yaml file: /home/yousef/Kidney-Diseases-Classification/configs/config.yaml loaded successfully]
[2025-09-10 02:47:36,050: INFO: common: yaml file: /home/yousef/Kidney-Diseases-Classification/params.yaml loaded successfully]
[2025-09-10 02:47:36,050: INFO: common: created directory at: ./artifacts]
[2025-09-10 02:47:36,050: INFO: common: created directory at: ./artifacts/prepare_base_model]
[2025-09-10 02:47:36,318: WARNING: saving_api: You are saving your model as an HDF5 file via `model.save()` or `keras.saving.save_model(model)`. This file format is considered legacy. We recommend using instead the native Keras format, e.g. `model.save('my_model.keras')` or `keras.saving.save_model(model, 'my_model.keras')`. ]
[2025-09-10 02:47:36,396: WARNING: saving_api: You are saving your model as an HDF5 file via `model.save()` or `keras.saving.save_model(model)`. This file format is considered legacy. We recommend using instead the native Keras format, e.g. `model.save('my_model.keras')` or `keras.saving.save_model(model, 'my_model.keras')`. ]
[2025-09-10 02:47:36,454: INFO: main: >>>>>> Prepare Base Model Phase completed <<<<<<

x==========x]
[2025-09-10 03:11:23,484: INFO: main: >>>>>> Data Ingestion Phase started <<<<<<]
[2025-09-10 03:11:23,486: INFO: common: yaml file: /home/yousef/Kidney-Diseases-Classification/configs/config.yaml loaded successfully]
[2025-09-10 03:11:23,487: INFO: common: yaml file: /home/yousef/Kidney-Diseases-Classification/params.yaml loaded successfully]
[2025-09-10 03:11:23,487: INFO: common: created directory at: ./artifacts]
[2025-09-10 03:11:23,487: INFO: common: created directory at: ./artifacts/data_ingestion]
[2025-09-10 03:11:23,487: INFO: data_ingestion: Downloading file from :[https://drive.google.com/file/d/1vlhZ5c7abUKF8xXERIw6m9Te8fW7ohw3/view?usp=sharing] into :[artifacts/data_ingestion/data.zip]]
[2025-09-10 03:11:45,676: INFO: data_ingestion: File :[artifacts/data_ingestion/data.zip] has been downloaded successfully.]
[2025-09-10 03:11:45,677: INFO: data_ingestion: Unzipping file :[artifacts/data_ingestion/data.zip] into dir :[artifacts/data_ingestion]]
[2025-09-10 03:11:46,925: INFO: data_ingestion: Unzipping completed successfully. and data is available at :[artifacts/data_ingestion]]
[2025-09-10 03:11:46,926: INFO: main: >>>>>> Data Ingestion Phase completed <<<<<<

x==========x]
[2025-09-10 03:11:46,926: INFO: main: >>>>>> Prepare Base Model Phase started <<<<<<]
[2025-09-10 03:11:46,927: INFO: common: yaml file: /home/yousef/Kidney-Diseases-Classification/configs/config.yaml loaded successfully]
[2025-09-10 03:11:46,928: INFO: common: yaml file: /home/yousef/Kidney-Diseases-Classification/params.yaml loaded successfully]
[2025-09-10 03:11:46,928: INFO: common: created directory at: ./artifacts]
[2025-09-10 03:11:46,928: INFO: common: created directory at: ./artifacts/prepare_base_model]
[2025-09-10 03:11:47,184: WARNING: saving_api: You are saving your model as an HDF5 file via `model.save()` or `keras.saving.save_model(model)`. This file format is considered legacy. We recommend using instead the native Keras format, e.g. `model.save('my_model.keras')` or `keras.saving.save_model(model, 'my_model.keras')`. ]
[2025-09-10 03:11:47,771: WARNING: saving_api: You are saving your model as an HDF5 file via `model.save()` or `keras.saving.save_model(model)`. This file format is considered legacy. We recommend using instead the native Keras format, e.g. `model.save('my_model.keras')` or `keras.saving.save_model(model, 'my_model.keras')`. ]
[2025-09-10 03:11:49,054: INFO: main: >>>>>> Prepare Base Model Phase completed <<<<<<

x==========x]
